  Source.cpp
c:\users\aida i tarik\desktop\pr3\pr3 visual\kolekcija\kolekcija\source.cpp(217): warning C4018: '<': signed/unsigned mismatch
c:\users\aida i tarik\desktop\pr3\pr3 visual\kolekcija\kolekcija\source.cpp(242): warning C4018: '<': signed/unsigned mismatch
c:\users\aida i tarik\desktop\pr3\pr3 visual\kolekcija\kolekcija\source.cpp(268): warning C4018: '<': signed/unsigned mismatch
c:\users\aida i tarik\desktop\pr3\pr3 visual\kolekcija\kolekcija\source.cpp(284): warning C4018: '<': signed/unsigned mismatch
c:\users\aida i tarik\desktop\pr3\pr3 visual\kolekcija\kolekcija\source.cpp(289): warning C4018: '<': signed/unsigned mismatch
c:\users\aida i tarik\desktop\pr3\pr3 visual\kolekcija\kolekcija\source.cpp(305): warning C4018: '<': signed/unsigned mismatch
c:\users\aida i tarik\desktop\pr3\pr3 visual\kolekcija\kolekcija\source.cpp(313): warning C4018: '<': signed/unsigned mismatch
c:\users\aida i tarik\desktop\pr3\pr3 visual\kolekcija\kolekcija\source.cpp(323): warning C4018: '<': signed/unsigned mismatch
c:\users\aida i tarik\desktop\pr3\pr3 visual\kolekcija\kolekcija\source.cpp(336): warning C4018: '<': signed/unsigned mismatch
c:\users\aida i tarik\desktop\pr3\pr3 visual\kolekcija\kolekcija\source.cpp(363): warning C4018: '<': signed/unsigned mismatch
c:\users\aida i tarik\desktop\pr3\pr3 visual\kolekcija\kolekcija\source.cpp(364): warning C4018: '<': signed/unsigned mismatch
c:\users\aida i tarik\desktop\pr3\pr3 visual\kolekcija\kolekcija\source.cpp(376): warning C4018: '<': signed/unsigned mismatch
c:\users\aida i tarik\desktop\pr3\pr3 visual\kolekcija\kolekcija\source.cpp(383): warning C4018: '<': signed/unsigned mismatch
c:\users\aida i tarik\desktop\pr3\pr3 visual\kolekcija\kolekcija\source.cpp(78): warning C4018: '<': signed/unsigned mismatch
  c:\users\aida i tarik\desktop\pr3\pr3 visual\kolekcija\kolekcija\source.cpp(73): note: while compiling class template member function 'bool Kolekcija<Nastava,45>::ADD(const T &)'
          with
          [
              T=Nastava
          ]
  c:\users\aida i tarik\desktop\pr3\pr3 visual\kolekcija\kolekcija\source.cpp(405): note: see reference to function template instantiation 'bool Kolekcija<Nastava,45>::ADD(const T &)' being compiled
          with
          [
              T=Nastava
          ]
  c:\users\aida i tarik\desktop\pr3\pr3 visual\kolekcija\kolekcija\source.cpp(391): note: see reference to class template instantiation 'Kolekcija<Nastava,45>' being compiled
c:\users\aida i tarik\desktop\pr3\pr3 visual\kolekcija\kolekcija\source.cpp(63): warning C4018: '<': signed/unsigned mismatch
  c:\users\aida i tarik\desktop\pr3\pr3 visual\kolekcija\kolekcija\source.cpp(62): note: while compiling class template member function 'Kolekcija<Nastava,45>::~Kolekcija(void)'
  c:\users\aida i tarik\desktop\pr3\pr3 visual\kolekcija\kolekcija\source.cpp(393): note: see reference to function template instantiation 'Kolekcija<Nastava,45>::~Kolekcija(void)' being compiled
c:\users\aida i tarik\desktop\pr3\pr3 visual\kolekcija\kolekcija\source.cpp(124): warning C4018: '<': signed/unsigned mismatch
  c:\users\aida i tarik\desktop\pr3\pr3 visual\kolekcija\kolekcija\source.cpp(424): note: see reference to function template instantiation 'std::ostream &operator <<<Nastava,45>(std::ostream &,Kolekcija<Nastava,45> &)' being compiled
  Kolekcija.vcxproj -> C:\Users\Aida i Tarik\Desktop\PR3\pr3 Visual\Kolekcija\Debug\Kolekcija.exe
